[debug] [2020-09-09T09:15:39.235Z] ----------------------------------------------------------------------
[debug] [2020-09-09T09:15:39.237Z] Command:       /usr/local/bin/node /usr/local/bin/firebase init
[debug] [2020-09-09T09:15:39.237Z] CLI Version:   8.10.0
[debug] [2020-09-09T09:15:39.237Z] Platform:      darwin
[debug] [2020-09-09T09:15:39.237Z] Node Version:  v12.18.3
[debug] [2020-09-09T09:15:39.238Z] Time:          Wed Sep 09 2020 14:45:39 GMT+0530 (India Standard Time)
[debug] [2020-09-09T09:15:39.238Z] ----------------------------------------------------------------------
[debug] [2020-09-09T09:15:39.238Z] 
[debug] [2020-09-09T09:15:39.242Z] > command requires scopes: ["email","openid","https://www.googleapis.com/auth/cloudplatformprojects.readonly","https://www.googleapis.com/auth/firebase","https://www.googleapis.com/auth/cloud-platform"]
[debug] [2020-09-09T09:15:39.243Z] > authorizing via signed-in user
[info] 
     ######## #### ########  ######## ########     ###     ######  ########
     ##        ##  ##     ## ##       ##     ##  ##   ##  ##       ##
     ######    ##  ########  ######   ########  #########  ######  ######
     ##        ##  ##    ##  ##       ##     ## ##     ##       ## ##
     ##       #### ##     ## ######## ########  ##     ##  ######  ########

You're about to initialize a Firebase project in this directory:

  /Users/p21/todo

[info] 
=== Project Setup
[info] 
[info] First, let's associate this project directory with a Firebase project.
[info] You can create multiple project aliases by running firebase use --add, 
[info] but for now we'll just set up a default project.
[info] 
[debug] [2020-09-09T09:15:42.432Z] >>> HTTP REQUEST GET https://firebase.googleapis.com/v1beta1/projects?pageSize=100  
 
[debug] [2020-09-09T09:15:43.053Z] <<< HTTP RESPONSE 200 {"content-type":"application/json; charset=UTF-8","vary":"X-Origin, Referer, Origin,Accept-Encoding","date":"Wed, 09 Sep 2020 09:15:43 GMT","server":"ESF","cache-control":"private","x-xss-protection":"0","x-frame-options":"SAMEORIGIN","x-content-type-options":"nosniff","alt-svc":"h3-29=\":443\"; ma=2592000,h3-27=\":443\"; ma=2592000,h3-T051=\":443\"; ma=2592000,h3-T050=\":443\"; ma=2592000,h3-Q050=\":443\"; ma=2592000,h3-Q046=\":443\"; ma=2592000,h3-Q043=\":443\"; ma=2592000,quic=\":443\"; ma=2592000; v=\"46,43\"","accept-ranges":"none","transfer-encoding":"chunked"}
[info] i  Using project login-157d3 (Login) 
[info] 
=== Database Setup
[info] 
[info] Firebase Realtime Database Rules allow you to define how your data should be
[info] structured and when your data can be read from and written to.
[info] 
[debug] [2020-09-09T09:15:53.644Z] >>> HTTP REQUEST GET https://login-157d3.firebaseio.com/.settings/rules.json  
 
[debug] [2020-09-09T09:15:57.706Z] <<< HTTP RESPONSE 200 {"server":"nginx","date":"Wed, 09 Sep 2020 09:15:57 GMT","content-type":"application/json; charset=utf-8","content-length":"161","connection":"keep-alive","access-control-allow-origin":"*","cache-control":"no-cache","strict-transport-security":"max-age=31556926; includeSubDomains; preload"}
[debug] [2020-09-09T09:16:00.946Z] Error: EISDIR: illegal operation on a directory, open '/Users/p21/todo'
    at Object.openSync (fs.js:462:3)
    at Object.writeFileSync (fs.js:1362:35)
    at Config.writeProjectFile (/usr/local/lib/node_modules/firebase-tools/lib/config.js:155:8)
    at /usr/local/lib/node_modules/firebase-tools/lib/init/features/database.js:25:23
    at processTicksAndRejections (internal/process/task_queues.js:97:5)
[error] 
[error] Error: An unexpected error has occurred.
